<?xml version="1.0" encoding="UTF-8"?>
<!-- Generated by org.testng.reporters.JUnitReportReporter -->
<testsuite skipped="0" hostname="Ashwinis-MacBook-Pro-2.local" name="com.hubspot.Hubspot.RegisterDemo" tests="1" failures="0" timestamp="19 Nov 2020 12:03:24 GMT" time="4.799" errors="0">
  <testcase name="mains" time="4.799" classname="com.hubspot.Hubspot.RegisterDemo"/>
</testsuite> <!-- com.hubspot.Hubspot.RegisterDemo -->
