<?xml version="1.0" encoding="UTF-8"?>
<!-- Generated by org.testng.reporters.JUnitReportReporter -->
<testsuite skipped="0" hostname="Ashwinis-MacBook-Pro-2.local" name="com.hubspot.Hubspot.PersonalLoan" tests="1" failures="0" timestamp="19 Nov 2020 10:56:39 GMT" time="5.222" errors="0">
  <testcase name="mains" time="5.222" classname="com.hubspot.Hubspot.PersonalLoan"/>
</testsuite> <!-- com.hubspot.Hubspot.PersonalLoan -->
