<?xml version="1.0" encoding="UTF-8"?>
<!-- Generated by org.testng.reporters.JUnitReportReporter -->
<testsuite skipped="0" hostname="Ashwinis-MacBook-Pro-2.local" name="com.hubspot.Hubspot.New" tests="1" failures="0" timestamp="18 Nov 2020 15:33:03 GMT" time="1.174" errors="0">
  <testcase name="mains" time="1.174" classname="com.hubspot.Hubspot.New"/>
</testsuite> <!-- com.hubspot.Hubspot.New -->
