<?xml version="1.0" encoding="UTF-8"?>
<!-- Generated by org.testng.reporters.JUnitReportReporter -->
<testsuite skipped="0" hostname="Ashwinis-MacBook-Pro-2.local" name="com.hubspot.Hubspot.ScrollTo" tests="1" failures="0" timestamp="19 Nov 2020 12:03:24 GMT" time="0.113" errors="0">
  <testcase name="mains" time="0.113" classname="com.hubspot.Hubspot.ScrollTo"/>
</testsuite> <!-- com.hubspot.Hubspot.ScrollTo -->
